Log file open, 09/29/16 00:24:16
LogInit:Display: Running engine for game: LaynKeyl
LogPlatformFile: Not using cached read wrapper
LogInit:Display: RandInit(-640669848) SRandInit(-640669848).
LogTaskGraph: Started task graph with 5 named threads and 8 total threads with 1 sets of task threads.
LogStats: Stats thread started at 0.170742
LogPluginManager: Loaded Plugin Paper2D, From C:/Program Files (x86)/Epic Games/4.13/Engine/Plugins/2D/Paper2D/Paper2D.uplugin
LogPluginManager: Loaded Plugin LightPropagationVolume, From C:/Program Files (x86)/Epic Games/4.13/Engine/Plugins/Blendables/LightPropagationVolume/LightPropagationVolume.uplugin
LogPluginManager: Loaded Plugin BlankPlugin, From C:/Program Files (x86)/Epic Games/4.13/Engine/Plugins/Developer/BlankPlugin/BlankPlugin.uplugin
LogPluginManager: Loaded Plugin CodeLiteSourceCodeAccess, From C:/Program Files (x86)/Epic Games/4.13/Engine/Plugins/Developer/CodeLiteSourceCodeAccess/CodeLiteSourceCodeAccess.uplugin
LogPluginManager: Loaded Plugin GitSourceControl, From C:/Program Files (x86)/Epic Games/4.13/Engine/Plugins/Developer/GitSourceControl/GitSourceControl.uplugin
LogPluginManager: Loaded Plugin KDevelopSourceCodeAccess, From C:/Program Files (x86)/Epic Games/4.13/Engine/Plugins/Developer/KDevelopSourceCodeAccess/KDevelopSourceCodeAccess.uplugin
LogPluginManager: Loaded Plugin NullSourceCodeAccess, From C:/Program Files (x86)/Epic Games/4.13/Engine/Plugins/Developer/NullSourceCodeAccess/NullSourceCodeAccess.uplugin
LogPluginManager: Loaded Plugin OneSkyLocalizationService, From C:/Program Files (x86)/Epic Games/4.13/Engine/Plugins/Developer/OneSkyLocalizationService/OneSkyLocalizationService.uplugin
LogPluginManager: Loaded Plugin PerforceSourceControl, From C:/Program Files (x86)/Epic Games/4.13/Engine/Plugins/Developer/PerforceSourceControl/PerforceSourceControl.uplugin
LogPluginManager: Loaded Plugin SubversionSourceControl, From C:/Program Files (x86)/Epic Games/4.13/Engine/Plugins/Developer/SubversionSourceControl/SubversionSourceControl.uplugin
LogPluginManager: Loaded Plugin UObjectPlugin, From C:/Program Files (x86)/Epic Games/4.13/Engine/Plugins/Developer/UObjectPlugin/UObjectPlugin.uplugin
LogPluginManager: Loaded Plugin VisualStudioSourceCodeAccess, From C:/Program Files (x86)/Epic Games/4.13/Engine/Plugins/Developer/VisualStudioSourceCodeAccess/VisualStudioSourceCodeAccess.uplugin
LogPluginManager: Loaded Plugin XCodeSourceCodeAccess, From C:/Program Files (x86)/Epic Games/4.13/Engine/Plugins/Developer/XCodeSourceCodeAccess/XCodeSourceCodeAccess.uplugin
LogPluginManager: Loaded Plugin EpicSurvey, From C:/Program Files (x86)/Epic Games/4.13/Engine/Plugins/Editor/EpicSurvey/EpicSurvey.uplugin
LogPluginManager: Loaded Plugin MacGraphicsSwitching, From C:/Program Files (x86)/Epic Games/4.13/Engine/Plugins/Editor/MacGraphicsSwitching/MacGraphicsSwitching.uplugin
LogPluginManager: Loaded Plugin MobileLauncherProfileWizard, From C:/Program Files (x86)/Epic Games/4.13/Engine/Plugins/Editor/MobileLauncherProfileWizard/MobileLauncherProfileWizard.uplugin
LogPluginManager: Loaded Plugin PluginBrowser, From C:/Program Files (x86)/Epic Games/4.13/Engine/Plugins/Editor/PluginBrowser/PluginBrowser.uplugin
LogPluginManager: Loaded Plugin SpeedTreeImporter, From C:/Program Files (x86)/Epic Games/4.13/Engine/Plugins/Editor/SpeedTreeImporter/SpeedTreeImporter.uplugin
LogPluginManager: Loaded Plugin SuperSearchEditor, From C:/Program Files (x86)/Epic Games/4.13/Engine/Plugins/Editor/SuperSearchEditor/SuperSearchEditor.uplugin
LogPluginManager: Loaded Plugin AlembicImporter, From C:/Program Files (x86)/Epic Games/4.13/Engine/Plugins/Experimental/AlembicImporter/AlembicImporter.uplugin
LogPluginManager: Loaded Plugin BlueprintStats, From C:/Program Files (x86)/Epic Games/4.13/Engine/Plugins/Experimental/BlueprintStats/BlueprintStats.uplugin
LogPluginManager: Loaded Plugin CharacterAI, From C:/Program Files (x86)/Epic Games/4.13/Engine/Plugins/Experimental/CharacterAI/CharacterAI.uplugin
LogPluginManager: Loaded Plugin CodeEditor, From C:/Program Files (x86)/Epic Games/4.13/Engine/Plugins/Experimental/CodeEditor/CodeEditor.uplugin
LogPluginManager: Loaded Plugin CodeView, From C:/Program Files (x86)/Epic Games/4.13/Engine/Plugins/Experimental/CodeView/CodeView.uplugin
LogPluginManager: Loaded Plugin HTML5Networking, From C:/Program Files (x86)/Epic Games/4.13/Engine/Plugins/Experimental/HTML5Networking/HTML5Networking.uplugin
LogPluginManager: Loaded Plugin LiveEditor, From C:/Program Files (x86)/Epic Games/4.13/Engine/Plugins/Experimental/LiveEditor/LiveEditor.uplugin
LogPluginManager: Loaded Plugin OSVR, From C:/Program Files (x86)/Epic Games/4.13/Engine/Plugins/Experimental/OSVR/OSVR.uplugin
LogPluginManager: Loaded Plugin Phya, From C:/Program Files (x86)/Epic Games/4.13/Engine/Plugins/Experimental/Phya/Phya.uplugin
LogPluginManager: Loaded Plugin SignificanceManager, From C:/Program Files (x86)/Epic Games/4.13/Engine/Plugins/Experimental/SignificanceManager/SignificanceManager.uplugin
LogPluginManager: Loaded Plugin SimpleHMD, From C:/Program Files (x86)/Epic Games/4.13/Engine/Plugins/Experimental/SimpleHMD/SimpleHMD.uplugin
LogPluginManager: Loaded Plugin StereoPanorama, From C:/Program Files (x86)/Epic Games/4.13/Engine/Plugins/Experimental/StereoPanorama/StereoPanorama.uplugin
LogPluginManager: Loaded Plugin StructBox, From C:/Program Files (x86)/Epic Games/4.13/Engine/Plugins/Experimental/StructBox/StructBox.uplugin
LogPluginManager: Loaded Plugin AndroidMedia, From C:/Program Files (x86)/Epic Games/4.13/Engine/Plugins/Media/AndroidMedia/AndroidMedia.uplugin
LogPluginManager: Loaded Plugin AvfMedia, From C:/Program Files (x86)/Epic Games/4.13/Engine/Plugins/Media/AvfMedia/AvfMedia.uplugin
LogPluginManager: Loaded Plugin MediaPlayerEditor, From C:/Program Files (x86)/Epic Games/4.13/Engine/Plugins/Media/MediaPlayerEditor/MediaPlayerEditor.uplugin
LogPluginManager: Loaded Plugin WmfMedia, From C:/Program Files (x86)/Epic Games/4.13/Engine/Plugins/Media/WmfMedia/WmfMedia.uplugin
LogPluginManager: Loaded Plugin MessagingDebugger, From C:/Program Files (x86)/Epic Games/4.13/Engine/Plugins/Messaging/MessagingDebugger/MessagingDebugger.uplugin
LogPluginManager: Loaded Plugin TcpMessaging, From C:/Program Files (x86)/Epic Games/4.13/Engine/Plugins/Messaging/TcpMessaging/TcpMessaging.uplugin
LogPluginManager: Loaded Plugin UdpMessaging, From C:/Program Files (x86)/Epic Games/4.13/Engine/Plugins/Messaging/UdpMessaging/UdpMessaging.uplugin
LogPluginManager: Loaded Plugin LevelSequenceEditor, From C:/Program Files (x86)/Epic Games/4.13/Engine/Plugins/MovieScene/LevelSequenceEditor/LevelSequenceEditor.uplugin
LogPluginManager: Loaded Plugin MatineeToLevelSequence, From C:/Program Files (x86)/Epic Games/4.13/Engine/Plugins/MovieScene/MatineeToLevelSequence/MatineeToLevelSequence.uplugin
LogPluginManager: Loaded Plugin NetcodeUnitTest, From C:/Program Files (x86)/Epic Games/4.13/Engine/Plugins/NetcodeUnitTest/NetcodeUnitTest/NetcodeUnitTest.uplugin
LogPluginManager: Loaded Plugin NUTUnrealEngine4, From C:/Program Files (x86)/Epic Games/4.13/Engine/Plugins/NetcodeUnitTest/NUTUnrealEngine4/NUTUnrealEngine4.uplugin
LogPluginManager: Loaded Plugin OnlineSubsystemGooglePlay, From C:/Program Files (x86)/Epic Games/4.13/Engine/Plugins/Online/Android/OnlineSubsystemGooglePlay/OnlineSubsystemGooglePlay.uplugin
LogPluginManager: Loaded Plugin OnlineSubsystemIOS, From C:/Program Files (x86)/Epic Games/4.13/Engine/Plugins/Online/IOS/OnlineSubsystemIOS/OnlineSubsystemIOS.uplugin
LogPluginManager: Loaded Plugin OnlineFramework, From C:/Program Files (x86)/Epic Games/4.13/Engine/Plugins/Online/OnlineFramework/OnlineFramework.uplugin
LogPluginManager: Loaded Plugin OnlineSubsystem, From C:/Program Files (x86)/Epic Games/4.13/Engine/Plugins/Online/OnlineSubsystem/OnlineSubsystem.uplugin
LogPluginManager: Loaded Plugin OnlineSubsystemAmazon, From C:/Program Files (x86)/Epic Games/4.13/Engine/Plugins/Online/OnlineSubsystemAmazon/OnlineSubsystemAmazon.uplugin
LogPluginManager: Loaded Plugin OnlineSubsystemFacebook, From C:/Program Files (x86)/Epic Games/4.13/Engine/Plugins/Online/OnlineSubsystemFacebook/OnlineSubsystemFacebook.uplugin
LogPluginManager: Loaded Plugin OnlineSubsystemNull, From C:/Program Files (x86)/Epic Games/4.13/Engine/Plugins/Online/OnlineSubsystemNull/OnlineSubsystemNull.uplugin
LogPluginManager: Loaded Plugin OnlineSubsystemOculus, From C:/Program Files (x86)/Epic Games/4.13/Engine/Plugins/Online/OnlineSubsystemOculus/OnlineSubsystemOculus.uplugin
LogPluginManager: Loaded Plugin OnlineSubsystemSteam, From C:/Program Files (x86)/Epic Games/4.13/Engine/Plugins/Online/OnlineSubsystemSteam/OnlineSubsystemSteam.uplugin
LogPluginManager: Loaded Plugin OnlineSubsystemUtils, From C:/Program Files (x86)/Epic Games/4.13/Engine/Plugins/Online/OnlineSubsystemUtils/OnlineSubsystemUtils.uplugin
LogPluginManager: Loaded Plugin IOSTapJoy, From C:/Program Files (x86)/Epic Games/4.13/Engine/Plugins/Runtime/Advertising/IOSTapJoy/IOSTapJoy.uplugin
LogPluginManager: Loaded Plugin AnalyticsBlueprintLibrary, From C:/Program Files (x86)/Epic Games/4.13/Engine/Plugins/Runtime/Analytics/AnalyticsBlueprintLibrary/AnalyticsBlueprintLibrary.uplugin
LogPluginManager: Loaded Plugin AnalyticsMulticast, From C:/Program Files (x86)/Epic Games/4.13/Engine/Plugins/Runtime/Analytics/AnalyticsMulticast/AnalyticsMulticast.uplugin
LogPluginManager: Loaded Plugin Apsalar, From C:/Program Files (x86)/Epic Games/4.13/Engine/Plugins/Runtime/Analytics/Apsalar/Apsalar.uplugin
LogPluginManager: Loaded Plugin FileLogging, From C:/Program Files (x86)/Epic Games/4.13/Engine/Plugins/Runtime/Analytics/FileLogging/FileLogging.uplugin
LogPluginManager: Loaded Plugin Flurry, From C:/Program Files (x86)/Epic Games/4.13/Engine/Plugins/Runtime/Analytics/Flurry/Flurry.uplugin
LogPluginManager: Loaded Plugin AndroidDeviceProfileSelector, From C:/Program Files (x86)/Epic Games/4.13/Engine/Plugins/Runtime/AndroidDeviceProfileSelector/AndroidDeviceProfileSelector.uplugin
LogPluginManager: Loaded Plugin AndroidMoviePlayer, From C:/Program Files (x86)/Epic Games/4.13/Engine/Plugins/Runtime/AndroidMoviePlayer/AndroidMoviePlayer.uplugin
LogPluginManager: Loaded Plugin AppleMoviePlayer, From C:/Program Files (x86)/Epic Games/4.13/Engine/Plugins/Runtime/AppleMoviePlayer/AppleMoviePlayer.uplugin
LogPluginManager: Loaded Plugin ArchVisCharacter, From C:/Program Files (x86)/Epic Games/4.13/Engine/Plugins/Runtime/ArchVisCharacter/ArchVisCharacter.uplugin
LogPluginManager: Loaded Plugin CableComponent, From C:/Program Files (x86)/Epic Games/4.13/Engine/Plugins/Runtime/CableComponent/CableComponent.uplugin
LogPluginManager: Loaded Plugin CustomMeshComponent, From C:/Program Files (x86)/Epic Games/4.13/Engine/Plugins/Runtime/CustomMeshComponent/CustomMeshComponent.uplugin
LogPluginManager: Loaded Plugin ExampleDeviceProfileSelector, From C:/Program Files (x86)/Epic Games/4.13/Engine/Plugins/Runtime/ExampleDeviceProfileSelector/ExampleDeviceProfileSelector.uplugin
LogPluginManager: Loaded Plugin GearVR, From C:/Program Files (x86)/Epic Games/4.13/Engine/Plugins/Runtime/GearVR/GearVR.uplugin
LogPluginManager: Loaded Plugin GoogleVRController, From C:/Program Files (x86)/Epic Games/4.13/Engine/Plugins/Runtime/GoogleVR/GoogleVRController/GoogleVRController.uplugin
LogPluginManager: Loaded Plugin GoogleVRHMD, From C:/Program Files (x86)/Epic Games/4.13/Engine/Plugins/Runtime/GoogleVR/GoogleVRHMD/GoogleVRHMD.uplugin
LogPluginManager: Loaded Plugin IOSDeviceProfileSelector, From C:/Program Files (x86)/Epic Games/4.13/Engine/Plugins/Runtime/IOSDeviceProfileSelector/IOSDeviceProfileSelector.uplugin
LogPluginManager: Loaded Plugin LeapMotion, From C:/Program Files (x86)/Epic Games/4.13/Engine/Plugins/Runtime/LeapMotion/LeapMotion.uplugin
LogPluginManager: Loaded Plugin LinuxDeviceProfileSelector, From C:/Program Files (x86)/Epic Games/4.13/Engine/Plugins/Runtime/LinuxDeviceProfileSelector/LinuxDeviceProfileSelector.uplugin
LogPluginManager: Loaded Plugin LiveEditorListenServer, From C:/Program Files (x86)/Epic Games/4.13/Engine/Plugins/Runtime/LiveEditorListenServer/LiveEditorListenServer.uplugin
LogPluginManager: Loaded Plugin OculusAudio, From C:/Program Files (x86)/Epic Games/4.13/Engine/Plugins/Runtime/OculusAudio/OculusAudio.uplugin
LogPluginManager: Loaded Plugin OculusInput, From C:/Program Files (x86)/Epic Games/4.13/Engine/Plugins/Runtime/OculusInput/OculusInput.uplugin
LogPluginManager: Loaded Plugin OculusLibrary, From C:/Program Files (x86)/Epic Games/4.13/Engine/Plugins/Runtime/OculusLibrary/OculusLibrary.uplugin
LogPluginManager: Loaded Plugin OculusRift, From C:/Program Files (x86)/Epic Games/4.13/Engine/Plugins/Runtime/OculusRift/OculusRift.uplugin
LogPluginManager: Loaded Plugin Oodle, From C:/Program Files (x86)/Epic Games/4.13/Engine/Plugins/Runtime/PacketHandlers/CompressionComponents/Oodle/Oodle.uplugin
LogPluginManager: Loaded Plugin ProceduralMeshComponent, From C:/Program Files (x86)/Epic Games/4.13/Engine/Plugins/Runtime/ProceduralMeshComponent/ProceduralMeshComponent.uplugin
LogPluginManager: Loaded Plugin SoundMod, From C:/Program Files (x86)/Epic Games/4.13/Engine/Plugins/Runtime/SoundMod/SoundMod.uplugin
LogPluginManager: Loaded Plugin SoundVisualizations, From C:/Program Files (x86)/Epic Games/4.13/Engine/Plugins/Runtime/SoundVisualizations/SoundVisualizations.uplugin
LogPluginManager: Loaded Plugin SteamController, From C:/Program Files (x86)/Epic Games/4.13/Engine/Plugins/Runtime/Steam/SteamController/SteamController.uplugin
LogPluginManager: Loaded Plugin SteamVR, From C:/Program Files (x86)/Epic Games/4.13/Engine/Plugins/Runtime/Steam/SteamVR/SteamVR.uplugin
LogPluginManager: Loaded Plugin WebBrowserWidget, From C:/Program Files (x86)/Epic Games/4.13/Engine/Plugins/Runtime/WebBrowserWidget/WebBrowserWidget.uplugin
LogPluginManager: Loaded Plugin WindowsDeviceProfileSelector, From C:/Program Files (x86)/Epic Games/4.13/Engine/Plugins/Runtime/WindowsDeviceProfileSelector/WindowsDeviceProfileSelector.uplugin
LogPluginManager: Loaded Plugin WindowsMoviePlayer, From C:/Program Files (x86)/Epic Games/4.13/Engine/Plugins/Runtime/WindowsMoviePlayer/WindowsMoviePlayer.uplugin
LogPluginManager: Loaded Plugin ScriptPlugin, From C:/Program Files (x86)/Epic Games/4.13/Engine/Plugins/ScriptPlugin/ScriptPlugin.uplugin
LogPluginManager: Loaded Plugin SlateRemote, From C:/Program Files (x86)/Epic Games/4.13/Engine/Plugins/Slate/SlateRemote/SlateRemote.uplugin
LogInit: Using libcurl 7.47.1
LogInit:  - built for x86_64-pc-win32
LogInit:  - supports SSL with WinSSL
LogInit:  - other features:
LogInit:      CURL_VERSION_SSL
LogInit:      CURL_VERSION_IPV6
LogInit:      CURL_VERSION_ASYNCHDNS
LogInit:      CURL_VERSION_LARGEFILE
LogInit:      CURL_VERSION_IDN
LogInit:  CurlRequestOptions (configurable via config and command line):
LogInit:  - bVerifyPeer = false  - Libcurl will NOT verify peer certificate
LogInit:  - bUseHttpProxy = false  - Libcurl will NOT use HTTP proxy
LogInit:  - bDontReuseConnections = false  - Libcurl will reuse connections
LogInit:  - CertBundlePath = nullptr  - Libcurl will use whatever was configured at build time.
LogInit: Build: ++UE4+Release-4.13-CL-3106830
LogInit: Engine Version: 4.13.0-3106830+++UE4+Release-4.13
LogInit: Compatible Engine Version: 4.13.0-3106830+++UE4+Release-4.13
LogInit: Net CL: 3106830
LogDevObjectVersion: Number of dev versions registered: 13
LogDevObjectVersion:   Dev-Blueprints (B0D832E4-1F89-4F0D-ACCF-7EB736FD4AA2): 5
LogDevObjectVersion:   Dev-Build (E1C64328-A22C-4D53-A36C-8E866417BD8C): 0
LogDevObjectVersion:   Dev-Core (375EC13C-06E4-48FB-B500-84F0262A717E): 1
LogDevObjectVersion:   Dev-Editor (E4B068ED-F494-42E9-A231-DA0B2E46BB41): 6
LogDevObjectVersion:   Dev-Framework (CFFC743F-43B0-4480-9391-14DF171D2073): 12
LogDevObjectVersion:   Dev-Mobile (B02B49B5-BB20-44E9-A304-32B752E40360): 0
LogDevObjectVersion:   Dev-Networking (A4E4105C-59A1-49B5-A7C5-40C4547EDFEE): 0
LogDevObjectVersion:   Dev-Online (39C831C9-5AE6-47DC-9A44-9C173E1C8E7C): 0
LogDevObjectVersion:   Dev-Physics (78F01B33-EBEA-4F98-B9B4-84EACCB95AA2): 0
LogDevObjectVersion:   Dev-Platform (6631380F-2D4D-43E0-8009-CF276956A95A): 0
LogDevObjectVersion:   Dev-Rendering (12F88B9F-8875-4AFC-A67C-D90C383ABD29): 4
LogDevObjectVersion:   Dev-Sequencer (7B5AE74C-D270-4C10-A958-57980B212A5A): 0
LogDevObjectVersion:   Dev-VR (D7296918-1DD6-4BDD-9DE2-64A83CC13884): 0
LogInit: Compiled (64-bit): Aug 30 2016 18:11:39
LogInit: Compiled with Visual C++: 19.00.23026.00
LogInit: Build Configuration: Development
LogInit: Branch Name: ++UE4+Release-4.13
LogInit: Command line: -EpicPortal 
LogInit: Base directory: C:/Program Files (x86)/Epic Games/4.13/Engine/Binaries/Win64/
LogInit: Installed Engine Build: 1
LogInit: Presizing for max 8388607 objects, including 0 objects not considered by GC, pre-allocating 0 bytes for permanent pool.
LogInit: Object subsystem initialized
[2016.09.28-22.24.17:397][  0]LogInit: Selected Device Profile: [Windows]
[2016.09.28-22.24.17:397][  0]LogInit: Applying CVar settings loaded from the selected device profile: [Windows]
[2016.09.28-22.24.17:429][  0]LogInit: Computer: KEYL-PC
[2016.09.28-22.24.17:429][  0]LogInit: User: Keyl
[2016.09.28-22.24.17:429][  0]LogInit: CPU Page size=65536, Cores=4
[2016.09.28-22.24.17:429][  0]LogInit: High frequency timer resolution =3.415987 MHz
[2016.09.28-22.24.17:430][  0]LogMemory: Memory total: Physical=7.9GB (8GB approx)
[2016.09.28-22.24.17:430][  0]LogMemory: Platform Memory Stats for Windows
[2016.09.28-22.24.17:430][  0]LogMemory: Process Physical Memory: 255.57 MB used, 255.57 MB peak
[2016.09.28-22.24.17:430][  0]LogMemory: Process Virtual Memory: 259.87 MB used, 259.87 MB peak
[2016.09.28-22.24.17:430][  0]LogMemory: Physical Memory: 6763.87 MB used, 8132.45 MB total
[2016.09.28-22.24.17:430][  0]LogMemory: Virtual Memory: 619.47 MB used, 134217728.00 MB total
[2016.09.28-22.24.17:491][  0]LogTextLocalizationManager: No translations for ('fr-FR') exist, falling back to 'en' for localization and internationalization data.
[2016.09.28-22.24.19:583][  0]LogD3D11RHI: D3D11 adapters:
[2016.09.28-22.24.21:696][  0]LogD3D11RHI:    0. 'NVIDIA GeForce GTX 660' (Feature Level 11_0)
[2016.09.28-22.24.21:696][  0]LogD3D11RHI:       1988/0/4066 MB DedicatedVideo/DedicatedSystem/SharedSystem, Outputs:2, VendorId:0x10de
[2016.09.28-22.24.21:700][  0]LogD3D11RHI:    1. 'Microsoft Basic Render Driver' (Feature Level 11_0)
[2016.09.28-22.24.21:700][  0]LogD3D11RHI:       0/0/4066 MB DedicatedVideo/DedicatedSystem/SharedSystem, Outputs:0, VendorId:0x1414
[2016.09.28-22.24.21:700][  0]LogD3D11RHI: Chosen D3D11 Adapter: 0
[2016.09.28-22.24.21:714][  0]LogD3D11RHI: Creating new Direct3DDevice
[2016.09.28-22.24.21:714][  0]LogD3D11RHI:     GPU DeviceId: 0x11c0 (for the marketing name, search the web for "GPU Device Id")
[2016.09.28-22.24.21:714][  0]LogWindows: EnumDisplayDevices:
[2016.09.28-22.24.21:714][  0]LogWindows:    0. 'NVIDIA GeForce GTX 660' (P:1 D:1)
[2016.09.28-22.24.21:715][  0]LogWindows:    1. 'NVIDIA GeForce GTX 660' (P:0 D:1)
[2016.09.28-22.24.21:715][  0]LogWindows:    2. 'NVIDIA GeForce GTX 660' (P:0 D:0)
[2016.09.28-22.24.21:716][  0]LogWindows:    3. 'NVIDIA GeForce GTX 660' (P:0 D:0)
[2016.09.28-22.24.21:716][  0]LogWindows: DebugString: FoundDriverCount:4 
[2016.09.28-22.24.21:716][  0]LogD3D11RHI:     Adapter Name: NVIDIA GeForce GTX 660
[2016.09.28-22.24.21:716][  0]LogD3D11RHI:   Driver Version: 368.39 (internal:10.18.13.6839, unified:368.39)
[2016.09.28-22.24.21:716][  0]LogD3D11RHI:      Driver Date: 6-2-2016
[2016.09.28-22.24.21:716][  0]LogRHI: Texture pool is 1361 MB (70% of 1945 MB)
[2016.09.28-22.24.23:750][  0]LogD3D11RHI: Async texture creation enabled
[2016.09.28-22.24.23:845][  0]LogD3D11RHI: GPU Timing Frequency: 1000.000000 (Debug: 2 1)
[2016.09.28-22.24.23:847][  0]LogShaderCompilers: Guid format shader working directory is -18 characters bigger than the processId version (../../../../../../Users/Keyl/Documents/Unreal Projects/LaynKeyl/Intermediate/Shaders/WorkingDirectory/3240/).
[2016.09.28-22.24.23:847][  0]LogShaderCompilers: Cleaned the shader compiler working directory 'C:/Users/Keyl/AppData/Local/Temp/UnrealShaderWorkingDir/4F40701142E2F53EFD9173B7CEBBB505/'.
[2016.09.28-22.24.23:847][  0]LogShaderCompilers:Display: Using Local Shader Compiler.
[2016.09.28-22.24.27:171][  0]LogTemp:Display: Loaded TP AllDesktopTargetPlatform
[2016.09.28-22.24.27:191][  0]LogTemp:Display: Loaded TP WindowsClientTargetPlatform
[2016.09.28-22.24.27:211][  0]LogTemp:Display: Loaded TP WindowsNoEditorTargetPlatform
[2016.09.28-22.24.27:233][  0]LogTemp:Display: Loaded TP WindowsServerTargetPlatform
[2016.09.28-22.24.27:253][  0]LogTemp:Display: Loaded TP WindowsTargetPlatform
[2016.09.28-22.24.27:273][  0]LogTemp:Display: Loaded TP AndroidTargetPlatform
[2016.09.28-22.24.27:290][  0]LogTemp:Display: Loaded TP Android_ASTCTargetPlatform
[2016.09.28-22.24.27:307][  0]LogTemp:Display: Loaded TP Android_ATCTargetPlatform
[2016.09.28-22.24.27:323][  0]LogTemp:Display: Loaded TP Android_DXTTargetPlatform
[2016.09.28-22.24.27:344][  0]LogTemp:Display: Loaded TP Android_ETC1TargetPlatform
[2016.09.28-22.24.27:359][  0]LogTemp:Display: Loaded TP Android_ETC2TargetPlatform
[2016.09.28-22.24.27:392][  0]LogTemp:Display: Loaded TP Android_MultiTargetPlatform
[2016.09.28-22.24.27:392][  0]LogTemp:Display: Loaded TP Android_PVRTCTargetPlatform
[2016.09.28-22.24.27:394][  0]LogTemp:Display: Loaded TP HTML5TargetPlatform
[2016.09.28-22.24.27:425][  0]LogTemp:Display: Loaded TP IOSTargetPlatform
[2016.09.28-22.24.27:439][  0]LogTemp:Display: Loaded TP TVOSTargetPlatform
[2016.09.28-22.24.27:453][  0]LogTemp:Display: Loaded TP LinuxClientTargetPlatform
[2016.09.28-22.24.27:467][  0]LogTemp:Display: Loaded TP LinuxNoEditorTargetPlatform
[2016.09.28-22.24.27:482][  0]LogTemp:Display: Loaded TP LinuxServerTargetPlatform
[2016.09.28-22.24.27:497][  0]LogTemp:Display: Loaded TP LinuxTargetPlatform
[2016.09.28-22.24.27:497][  0]LogTargetPlatformManager:Display: Building Assets For Windows
[2016.09.28-22.24.27:671][  0]LogDerivedDataCache:Display: Max Cache Size: 512 MB
[2016.09.28-22.24.27:802][  0]LogDerivedDataCache: Loaded boot cache 0.13s 76MB C:/Users/Keyl/AppData/Local/UnrealEngine/4.13/DerivedDataCache/Boot.ddc.
[2016.09.28-22.24.27:802][  0]LogDerivedDataCache:Display: Loaded Boot cache: C:/Users/Keyl/AppData/Local/UnrealEngine/4.13/DerivedDataCache/Boot.ddc
[2016.09.28-22.24.27:803][  0]LogDerivedDataCache: FDerivedDataBackendGraph:  Pak pak cache file ../../../../../../Users/Keyl/Documents/Unreal Projects/LaynKeyl/DerivedDataCache/DDC.ddp not found, will not use a pak cache.
[2016.09.28-22.24.27:803][  0]LogDerivedDataCache: Unable to find inner node Pak for hierarchical cache Hierarchy.
[2016.09.28-22.24.27:803][  0]LogDerivedDataCache: FDerivedDataBackendGraph:  CompressedPak pak cache file ../../../../../../Users/Keyl/Documents/Unreal Projects/LaynKeyl/DerivedDataCache/Compressed.ddp not found, will not use a pak cache.
[2016.09.28-22.24.27:803][  0]LogDerivedDataCache: Unable to find inner node CompressedPak for hierarchical cache Hierarchy.
[2016.09.28-22.24.27:843][  0]LogDerivedDataCache:Display: Pak cache opened for reading ../../../Engine/DerivedDataCache/Compressed.ddp.
[2016.09.28-22.24.27:856][  0]LogDerivedDataCache: Using Local data cache path C:/Users/Keyl/AppData/Local/UnrealEngine/Common/DerivedDataCache: Writable
[2016.09.28-22.24.28:291][  0]LogInit: Selected Device Profile: [Windows]
[2016.09.28-22.24.28:296][  0]LogContentStreaming: Texture pool size is 0.00 MB
[2016.09.28-22.24.28:636][  0]LogMeshUtilities: No automatic mesh reduction module available
[2016.09.28-22.24.28:636][  0]LogMeshUtilities: No automatic mesh merging module available
[2016.09.28-22.24.28:636][  0]LogMeshUtilities: No distributed automatic mesh merging module available
[2016.09.28-22.24.28:914][  0]LogMaterial: Uniform references updated for custom material expression Custom.
[2016.09.28-22.24.29:926][  0]LogNetVersion: GetLocalNetworkVersion: CL: 3106830, ProjectName: laynkeyl, ProjectVersion: , EngineNetworkVersion: 1, GameNetworkVersion: 0, NetworkChecksum: 2199636565
[2016.09.28-22.24.29:997][  0]LogAssetRegistry: FAssetRegistry took 0.0227 seconds to start up
[2016.09.28-22.24.30:032][  0]LogPackageLocalizationCache: Processed 3 localized package path(s) for 1 prioritized culture(s) in 0.026780 seconds
[2016.09.28-22.24.30:043][  0]LogUObjectArray: 29777 objects as part of root set at end of initial load.
[2016.09.28-22.24.30:043][  0]LogUObjectAllocator: 6124704 out of 0 bytes used by permanent object pool.
[2016.09.28-22.24.30:043][  0]LogUObjectArray: CloseDisregardForGC: 0/0 objects in disregard for GC pool
[2016.09.28-22.24.30:068][  0]LogInit: WinSock: version 1.1 (2.2), MaxSocks=32767, MaxUdp=65467
[2016.09.28-22.24.30:619][  0]LogSlate: SlateFontCache - WITH_FREETYPE: 1, WITH_HARFBUZZ: 1
[2016.09.28-22.24.30:619][  0]LogSlate: SlateFontCache - WITH_FREETYPE: 1, WITH_HARFBUZZ: 1
[2016.09.28-22.24.32:178][  0]LogUdpMessaging: Initializing bridge on interface 0.0.0.0:0 to multicast group 230.0.0.1:6666.
[2016.09.28-22.24.32:557][  0]SourceControl: Info Source control is disabled
[2016.09.28-22.24.32:559][  0]SourceControl: Info Source control is disabled
[2016.09.28-22.24.32:573][  0]SourceControl: Info Source control is disabled
[2016.09.28-22.24.32:589][  0]SourceControl: Info Source control is disabled
[2016.09.28-22.24.33:098][  0]LogEngine: Initializing Engine...
[2016.09.28-22.24.33:099][  0]LogHMD: Failed to initialize OpenVR with code 110
[2016.09.28-22.24.33:351][  0]LogAIModule: Creating AISystem for world Untitled
[2016.09.28-22.24.33:381][  0]LogInit: XAudio2 using 'BenQ GL2250H-4 (NVIDIA High Definition Audio)' : 2 channels at 48 kHz using 16 bits per sample (channel mask 0x3)
[2016.09.28-22.24.33:394][  0]LogInit: FAudioDevice initialized.
[2016.09.28-22.24.33:444][  0]LogDerivedDataCache: Saved boot cache 0.05s 62MB C:/Users/Keyl/AppData/Local/UnrealEngine/4.13/DerivedDataCache/Boot.ddc.
[2016.09.28-22.24.33:457][  0]LogInit: Texture streaming: Enabled
[2016.09.28-22.24.33:508][  0]LogInit: Transaction tracking system initialized
[2016.09.28-22.24.33:565][  0]BlueprintLog: New page: Editor Load
[2016.09.28-22.24.33:708][  0]LocalizationService: Info Localization service is disabled
[2016.09.28-22.24.33:915][  0]LogConsoleResponse:Display: 
[2016.09.28-22.24.34:392][  0]LogCook:Display: Max memory allowance for cook 16384mb min free memory 0mb
[2016.09.28-22.24.34:392][  0]LogCook:Display: Mobile HDR setting 1
[2016.09.28-22.24.35:179][  0]LogFileCache: Scanning file cache for directory 'C:/Users/Keyl/Documents/Unreal Projects/LaynKeyl/Content/' took 0.01s
[2016.09.28-22.24.35:179][  0]SourceControl: Info Source control is disabled
[2016.09.28-22.24.35:179][  0]Cmd: MAP LOAD FILE="../../../../../../Users/Keyl/Documents/Unreal Projects/LaynKeyl/Content/ThirdPersonBP/Maps/ThirdPersonExampleMap.umap" TEMPLATE=0 SHOWPROGRESS=1 FEATURELEVEL=3
[2016.09.28-22.24.35:180][  0]LightingResults: New page: Lighting Build
[2016.09.28-22.24.35:188][  0]MapCheck: New page: Map Check
[2016.09.28-22.24.35:189][  0]LightingResults: New page: Lighting Build
[2016.09.28-22.24.36:708][  0]LogAIModule: Creating AISystem for world ThirdPersonExampleMap
[2016.09.28-22.24.36:725][  0]LogEditorServer: Finished looking for orphan Actors (0.000 secs)
[2016.09.28-22.24.36:726][  0]Cmd: MAP CHECKDEP NOCLEARLOG
[2016.09.28-22.24.36:851][  0]MapCheck: Info Map check complete: 0 Error(s), 0 Warning(s), took 125.535ms to complete.
[2016.09.28-22.24.36:851][  0]LogFileHelpers: Loading map 'ThirdPersonExampleMap' took 1.672
[2016.09.28-22.24.37:057][  0]LogCollectionManager: Loaded 0 collections in 0.004607 seconds
[2016.09.28-22.24.37:111][  0]LogFileCache: Scanning file cache for directory 'C:/Users/Keyl/Documents/Unreal Projects/LaynKeyl/Saved/Collections/' took 0.01s
[2016.09.28-22.24.37:111][  0]LogFileCache: Scanning file cache for directory 'C:/Users/Keyl/Documents/Unreal Projects/LaynKeyl/Content/Developers/Keyl/Collections/' took 0.01s
[2016.09.28-22.24.37:111][  0]LogFileCache: Scanning file cache for directory 'C:/Users/Keyl/Documents/Unreal Projects/LaynKeyl/Content/Collections/' took 0.01s
[2016.09.28-22.24.37:111][  0]LogCollectionManager: Rebuilt the GUID cache for 0 collections in 0.000005 seconds
[2016.09.28-22.24.37:129][  0]LogContentBrowser: Native class hierarchy populated in 0.0171 seconds. Added 2141 classes and 415 folders.
[2016.09.28-22.24.37:137][  0]LogStats: UGameplayTagsManager::ConstructGameplayTagTree: Construct from data asset -  0.000 s
[2016.09.28-22.24.37:137][  0]LogStats: UGameplayTagsManager::ConstructGameplayTagTree: GameplayTagTreeChangedEvent.Broadcast -  0.000 s
[2016.09.28-22.24.37:138][  0]LogContentBrowser: Native class hierarchy updated for 'GameplayTags' in 0.0012 seconds. Added 12 classes and 0 folders.
[2016.09.28-22.24.37:152][  0]LogContentBrowser: Native class hierarchy updated for 'WidgetCarousel' in 0.0010 seconds. Added 0 classes and 0 folders.
[2016.09.28-22.24.37:254][  0]LogContentBrowser: Native class hierarchy updated for 'AddContentDialog' in 0.0010 seconds. Added 0 classes and 0 folders.
[2016.09.28-22.24.37:265][  0]LogContentBrowser: Native class hierarchy updated for 'SceneOutliner' in 0.0011 seconds. Added 1 classes and 2 folders.
[2016.09.28-22.24.37:298][  0]LogCrashTracker: Crashtracker disabled due to settings.
[2016.09.28-22.24.37:395][  0]LogContentBrowser: Native class hierarchy updated for 'HierarchicalLODOutliner' in 0.0012 seconds. Added 1 classes and 2 folders.
[2016.09.28-22.24.37:395][  0]LogLoad: (Engine Initialization) Total time: 22.34 seconds
[2016.09.28-22.24.37:395][  0]LogLoad: (Engine Initialization) Total Blueprint compile time: 0.47 seconds
[2016.09.28-22.24.37:395][  0]LogExternalProfiler: Found external profiler: VSPerf
[2016.09.28-22.24.37:395][  0]LogExternalProfiler: Using external profiler: VSPerf
[2016.09.28-22.24.37:408][  0]LogOcInput: OculusInput pre-init called
[2016.09.28-22.24.37:430][  0]LogContentStreaming: Texture pool size now 1000 MB
[2016.09.28-22.24.37:713][  0]LogRenderer: Reallocating scene render targets to support 964x436 (Frame:2).
[2016.09.28-22.24.38:072][  2]LogAssetRegistry: Asset discovery search completed in 8.0985 seconds
[2016.09.28-22.24.38:072][  2]LogCollectionManager: Rebuilt the object cache for 0 collections in 0.000001 seconds (found 0 objects)
[2016.09.28-22.24.38:072][  2]LogCollectionManager: Fixed up redirectors for 0 collections in 0.000032 seconds (updated 0 objects)
[2016.09.28-22.24.57:419][437]LogBlueprintUserMessages: Early PlayInEditor Detection: Level '/Game/ThirdPersonBP/Maps/ThirdPersonExampleMap.ThirdPersonExampleMap:PersistentLevel' has LevelScriptBlueprint '/Game/ThirdPersonBP/Maps/ThirdPersonExampleMap.ThirdPersonExampleMap:PersistentLevel.ThirdPersonExampleMap' with GeneratedClass '/Game/ThirdPersonBP/Maps/ThirdPersonExampleMap.ThirdPersonExampleMap_C' with ClassGeneratedBy '/Game/ThirdPersonBP/Maps/ThirdPersonExampleMap.ThirdPersonExampleMap:PersistentLevel.ThirdPersonExampleMap'
[2016.09.28-22.24.57:420][437]LogPlayLevel: PlayLevel: No blueprints needed recompiling
[2016.09.28-22.24.57:433][437]PIE: New page: PIE session: ThirdPersonExampleMap (Sep 29, 2016, 1:24:57 AM)
[2016.09.28-22.24.57:434][437]LogPlayLevel: Creating play world package: /Game/ThirdPersonBP/Maps/UEDPIE_0_ThirdPersonExampleMap
[2016.09.28-22.24.57:463][437]LogPlayLevel: PIE: StaticDuplicateObject took: (0.029461s)
[2016.09.28-22.24.57:464][437]LogAIModule: Creating AISystem for world ThirdPersonExampleMap
[2016.09.28-22.24.57:465][437]LogPlayLevel: PIE: World Init took: (0.002238s)
[2016.09.28-22.24.57:466][437]LogPlayLevel: PIE: Created PIE world by copying editor world from /Game/ThirdPersonBP/Maps/ThirdPersonExampleMap.ThirdPersonExampleMap to /Game/ThirdPersonBP/Maps/UEDPIE_0_ThirdPersonExampleMap.ThirdPersonExampleMap (0.032416s)
[2016.09.28-22.24.57:499][437]LogInit: XAudio2 using 'BenQ GL2250H-4 (NVIDIA High Definition Audio)' : 2 channels at 48 kHz using 16 bits per sample (channel mask 0x3)
[2016.09.28-22.24.57:506][437]LogInit: FAudioDevice initialized.
[2016.09.28-22.24.57:569][437]LogWorld: Game class is 'ThirdPersonGameMode_C'
[2016.09.28-22.24.57:580][437]LogWorld: Bringing World /Game/ThirdPersonBP/Maps/UEDPIE_0_ThirdPersonExampleMap.ThirdPersonExampleMap up for play (max tick rate 0) at 2016.09.29-00.24.57
[2016.09.28-22.24.57:584][437]LogWorld: Bringing up level for play took: 0.007712
[2016.09.28-22.24.57:602][437]LogContentBrowser: Native class hierarchy updated for 'MovieSceneCapture' in 0.0006 seconds. Added 11 classes and 0 folders.
[2016.09.28-22.24.57:602][437]LogGameMode:Display: Match State Changed from EnteringMap to WaitingToStart
[2016.09.28-22.24.57:603][437]LogGameState: Match State Changed from EnteringMap to WaitingToStart
[2016.09.28-22.24.57:603][437]LogGameMode:Display: Match State Changed from WaitingToStart to InProgress
[2016.09.28-22.24.57:606][437]LogGameState: Match State Changed from WaitingToStart to InProgress
[2016.09.28-22.24.57:606][437]PIE: Info Play in editor start time for /Game/ThirdPersonBP/Maps/UEDPIE_0_ThirdPersonExampleMap -0.611
[2016.09.28-22.24.57:606][437]LogBlueprintUserMessages: Late PlayInEditor Detection: Level '/Game/ThirdPersonBP/Maps/ThirdPersonExampleMap.ThirdPersonExampleMap:PersistentLevel' has LevelScriptBlueprint '/Game/ThirdPersonBP/Maps/ThirdPersonExampleMap.ThirdPersonExampleMap:PersistentLevel.ThirdPersonExampleMap' with GeneratedClass '/Game/ThirdPersonBP/Maps/ThirdPersonExampleMap.ThirdPersonExampleMap_C' with ClassGeneratedBy '/Game/ThirdPersonBP/Maps/ThirdPersonExampleMap.ThirdPersonExampleMap:PersistentLevel.ThirdPersonExampleMap'
[2016.09.28-22.25.53:080][ 75]LogBlueprintUserMessages: Early EndPlayMap Detection: Level '/Game/ThirdPersonBP/Maps/ThirdPersonExampleMap.ThirdPersonExampleMap:PersistentLevel' has LevelScriptBlueprint '/Game/ThirdPersonBP/Maps/ThirdPersonExampleMap.ThirdPersonExampleMap:PersistentLevel.ThirdPersonExampleMap' with GeneratedClass '/Game/ThirdPersonBP/Maps/ThirdPersonExampleMap.ThirdPersonExampleMap_C' with ClassGeneratedBy '/Game/ThirdPersonBP/Maps/ThirdPersonExampleMap.ThirdPersonExampleMap:PersistentLevel.ThirdPersonExampleMap'
[2016.09.28-22.25.53:145][ 75]LogBlueprintUserMessages: Late EndPlayMap Detection: Level '/Game/ThirdPersonBP/Maps/ThirdPersonExampleMap.ThirdPersonExampleMap:PersistentLevel' has LevelScriptBlueprint '/Game/ThirdPersonBP/Maps/ThirdPersonExampleMap.ThirdPersonExampleMap:PersistentLevel.ThirdPersonExampleMap' with GeneratedClass '/Game/ThirdPersonBP/Maps/ThirdPersonExampleMap.ThirdPersonExampleMap_C' with ClassGeneratedBy '/Game/ThirdPersonBP/Maps/ThirdPersonExampleMap.ThirdPersonExampleMap:PersistentLevel.ThirdPersonExampleMap'
[2016.09.28-22.25.57:375][375]LogTexture:Display: Building textures: WhiteSquareTexture (AutoDXT)
[2016.09.28-22.25.57:389][375]LogMaterial: Missing cached shader map for material LayerVisMaterial, compiling. 
[2016.09.28-22.25.57:465][375]LogMaterial: Missing cached shader map for material SelectBrushMaterial, compiling. 
[2016.09.28-22.25.57:534][375]LogMaterial: Missing cached shader map for material SelectBrushMaterial, compiling. 
[2016.09.28-22.25.57:610][375]LogMaterial: Missing cached shader map for material MaskBrushMaterial, compiling. 
[2016.09.28-22.25.57:682][375]LogMaterial: Missing cached shader map for material LandscapeLayerUsageMaterial, compiling. 
[2016.09.28-22.25.57:769][375]LogMaterial: Missing cached shader map for material CircleBrushMaterial, compiling. 
[2016.09.28-22.25.57:807][375]LogMaterial: Missing cached shader map for material CircleBrushMaterial, compiling. 
[2016.09.28-22.25.57:857][375]LogMaterial: Missing cached shader map for material CircleBrushMaterial, compiling. 
[2016.09.28-22.25.57:903][375]LogMaterial: Missing cached shader map for material CircleBrushMaterial, compiling. 
[2016.09.28-22.25.57:965][375]LogMaterial: Missing cached shader map for material AlphaBrushMaterial, compiling. 
[2016.09.28-22.25.58:014][375]LogMaterial: Missing cached shader map for material CircleBrushMaterial, compiling. 
[2016.09.28-22.25.58:073][375]LogMaterial: Missing cached shader map for material MaskBrushMaterial, compiling. 
[2016.09.28-22.25.58:118][375]LogTexture:Display: Building textures: Texture2D_2 (G8)
[2016.09.28-22.25.58:125][375]LogTexture:Display: Building textures: LandscapeThumbnailWeightmap (BGRA8)
[2016.09.28-22.25.58:128][375]LogTexture:Display: Building textures: LandscapeThumbnailHeightmap (BGRA8)
[2016.09.28-22.26.52:161][850]LogSavePackage: Save=1096.57ms
[2016.09.28-22.26.52:161][850]LogSavePackage: Moving '../../../../../../Users/Keyl/Documents/Unreal Projects/LaynKeyl/Saved/ThirdPersonExampleMap99ADFF4E4C2D1C1E692758A8C29FEB17.tmp' to '../../../../../../Users/Keyl/Documents/Unreal Projects/LaynKeyl/Content/ThirdPersonBP/Maps/ThirdPersonExampleMap.umap'
[2016.09.28-22.26.52:163][850]LogFileManager:Warning: DeleteFile was unable to delete '../../../../../../Users/Keyl/Documents/Unreal Projects/LaynKeyl/Content/ThirdPersonBP/Maps/ThirdPersonExampleMap.umap', retrying in .5s...
[2016.09.28-22.26.52:664][850]LogFileManager:Error: Error deleting file '../../../../../../Users/Keyl/Documents/Unreal Projects/LaynKeyl/Content/ThirdPersonBP/Maps/ThirdPersonExampleMap.umap'.
[2016.09.28-22.26.52:664][850]LogSavePackage:Error: Error saving '../../../../../../Users/Keyl/Documents/Unreal Projects/LaynKeyl/Content/ThirdPersonBP/Maps/ThirdPersonExampleMap.umap'
[2016.09.28-22.26.52:681][850]LogSavePackage:Display: Finished SavePackage ../../../../../../Users/Keyl/Documents/Unreal Projects/LaynKeyl/Content/ThirdPersonBP/Maps/ThirdPersonExampleMap.umap
[2016.09.28-22.26.52:699][850]EditorErrors: New page: Save Output
[2016.09.28-22.26.52:699][850]EditorErrors:Warning: Warning Error saving '../../../../../../Users/Keyl/Documents/Unreal Projects/LaynKeyl/Content/ThirdPersonBP/Maps/ThirdPersonExampleMap.umap'
[2016.09.28-22.27.03:354][906]LogEditorViewport: Clicking on Actor (LMB): StaticMeshActor (LeftArm_StaticMesh)
[2016.09.28-22.29.57:248][615]LogEditorViewport: Clicking on Actor (LMB): StaticMeshActor (Floor)
[2016.09.28-22.30.09:819][303]Cmd: TRANSACTION UNDO
[2016.09.28-22.30.09:820][303]LogEditorTransaction: Undo Move Actors
[2016.09.28-22.30.11:452][398]LogEditorViewport: Clicking on Actor (LMB): StaticMeshActor (Floor)
[2016.09.28-22.30.12:699][468]LogEditorViewport: Clicking on Actor (LMB): BP_Sky_Sphere_C (SkySphereBlueprint)
[2016.09.28-22.30.54:065][275]LogSavePackage: Save=919.84ms
[2016.09.28-22.30.54:065][275]LogSavePackage: Moving '../../../../../../Users/Keyl/Documents/Unreal Projects/LaynKeyl/Saved/ThirdPersonExampleMapC73F586D4EBB8A3D9102CCB3AC3DA80B.tmp' to '../../../../../../Users/Keyl/Documents/Unreal Projects/LaynKeyl/Content/ThirdPersonBP/Maps/ThirdPersonExampleMap.umap'
[2016.09.28-22.30.54:079][275]LogSavePackage:Display: Finished SavePackage ../../../../../.